medbuddy-backup/build/app/intermediates/manifest_merge_blame_file/release/manifest-merger-blame-release-report.txt
1<?xml version="1.0" encoding="utf-8"?>
2<manifest xmlns:android="http://schemas.android.com/apk/res/android"
3    package="com.medhelper.medhelper"
4    android:versionCode="20"
5    android:versionName="1.2.0" >
6
7    <uses-sdk
8        android:minSdkVersion="21"
8-->src\main\AndroidManifest.xml
9        android:targetSdkVersion="30" />
9-->src\main\AndroidManifest.xml
10
11    <uses-permission android:name="android.permission.VIBRATE" />
11-->src\main\AndroidManifest.xml:4:5-66
11-->src\main\AndroidManifest.xml:4:22-63
12    <uses-permission android:name="android.permission.RECEIVE_BOOT_COMPLETED" />
12-->src\main\AndroidManifest.xml:5:5-80
12-->src\main\AndroidManifest.xml:5:22-78
13    <uses-permission android:name="android.permission.ACCESS_NETWORK_STATE" />
13-->src\main\AndroidManifest.xml:6:5-79
13-->src\main\AndroidManifest.xml:6:22-76
14    <uses-permission android:name="android.permission.FOREGROUND_SERVICE" />
14-->src\main\AndroidManifest.xml:7:5-77
14-->src\main\AndroidManifest.xml:7:22-74
15    <uses-permission android:name="android.permission.ACCESS_BACKGROUND_LOCATION" />
15-->src\main\AndroidManifest.xml:8:5-85
15-->src\main\AndroidManifest.xml:8:22-82
16    <uses-permission android:name="android.permission.ACCESS_FINE_LOCATION" />
16-->src\main\AndroidManifest.xml:9:5-79
16-->src\main\AndroidManifest.xml:9:22-76
17    <uses-permission android:name="android.permission.ACCESS_COARSE_LOCATION" />
17-->src\main\AndroidManifest.xml:10:5-81
17-->src\main\AndroidManifest.xml:10:22-78
18    <!--
19         io.flutter.app.FlutterApplication is an android.app.Application that
20         calls FlutterMain.startInitialization(this); in its onCreate method.
21         In most cases you can leave this as-is, but you if you want to provide
22         additional functionality it is fine to subclass or reimplement
23         FlutterApplication and put your custom class here.
24    -->
25
26    <queries>
26-->src\main\AndroidManifest.xml:17:1-23:11
27
28        <!-- If your app emails -->
29        <intent>
29-->src\main\AndroidManifest.xml:19:3-22:12
30            <action android:name="android.intent.action.SEND" />
30-->src\main\AndroidManifest.xml:20:5-57
30-->src\main\AndroidManifest.xml:20:13-54
31
32            <data android:mimeType="*/*" />
32-->src\main\AndroidManifest.xml:21:5-36
32-->src\main\AndroidManifest.xml:21:11-33
33        </intent>
34    </queries>
35
36    <uses-permission android:name="android.permission.INTERNET" />
36-->[:firebase_messaging] AndroidManifest.xml:7:5-67
36-->[:firebase_messaging] AndroidManifest.xml:7:22-64
37    <uses-permission android:name="android.permission.WAKE_LOCK" />
37-->[:firebase_messaging] AndroidManifest.xml:8:5-68
37-->[:firebase_messaging] AndroidManifest.xml:8:22-65
38    <uses-permission android:name="android.permission.USE_FULL_SCREEN_INTENT" /> <!-- Required by older versions of Google Play services to create IID tokens -->
38-->[:flutter_local_notifications] AndroidManifest.xml:9:5-81
38-->[:flutter_local_notifications] AndroidManifest.xml:9:22-78
39    <uses-permission android:name="com.google.android.c2dm.permission.RECEIVE" />
39-->[com.google.firebase:firebase-messaging:23.0.0] AndroidManifest.xml:25:5-82
39-->[com.google.firebase:firebase-messaging:23.0.0] AndroidManifest.xml:25:22-79
40    <uses-permission android:name="com.google.android.finsky.permission.BIND_GET_INSTALL_REFERRER_SERVICE" />
40-->[com.google.android.gms:play-services-measurement:20.1.0] AndroidManifest.xml:26:5-110
40-->[com.google.android.gms:play-services-measurement:20.1.0] AndroidManifest.xml:26:22-107
41
42    <uses-feature
42-->[com.google.android.gms:play-services-maps:17.0.0] AndroidManifest.xml:26:5-28:35
43        android:glEsVersion="0x00020000"
43-->[com.google.android.gms:play-services-maps:17.0.0] AndroidManifest.xml:27:9-41
44        android:required="true" /> <!-- Include required permissions for Advertising Id -->
44-->[com.google.android.gms:play-services-maps:17.0.0] AndroidManifest.xml:28:9-32
45    <uses-permission android:name="com.google.android.gms.permission.AD_ID" />
45-->[com.google.android.gms:play-services-ads-identifier:18.0.0] AndroidManifest.xml:23:5-79
45-->[com.google.android.gms:play-services-ads-identifier:18.0.0] AndroidManifest.xml:23:22-76
46
47    <application
47-->src\main\AndroidManifest.xml:25:5-65:19
48        android:appComponentFactory="androidx.core.app.CoreComponentFactory"
48-->[androidx.core:core:1.6.0] AndroidManifest.xml:24:18-86
49        android:icon="@mipmap/launcher_icon"
49-->src\main\AndroidManifest.xml:28:9-45
50        android:label="MedHelper" >
50-->src\main\AndroidManifest.xml:27:9-34
51        <meta-data
51-->src\main\AndroidManifest.xml:30:9-32:70
52            android:name="com.google.android.geo.API_KEY"
52-->src\main\AndroidManifest.xml:31:13-58
53            android:value="AIzaSyDxZFosXzWXNpJ_5eGY2MK6e5VG7WiWjgU" />
53-->src\main\AndroidManifest.xml:32:13-68
54
55        <activity
55-->src\main\AndroidManifest.xml:33:9-54:20
56            android:name="com.medhelper.medhelper.MainActivity"
56-->src\main\AndroidManifest.xml:34:13-41
57            android:configChanges="orientation|keyboardHidden|keyboard|screenSize|locale|layoutDirection|fontScale|screenLayout|density|uiMode"
57-->src\main\AndroidManifest.xml:39:13-144
58            android:exported="true"
58-->src\main\AndroidManifest.xml:35:13-36
59            android:hardwareAccelerated="true"
59-->src\main\AndroidManifest.xml:40:13-47
60            android:launchMode="singleTop"
60-->src\main\AndroidManifest.xml:37:13-43
61            android:theme="@style/LaunchTheme"
61-->src\main\AndroidManifest.xml:38:13-47
62            android:windowSoftInputMode="adjustResize" >
62-->src\main\AndroidManifest.xml:41:13-55
63
64            <!--
65                 This keeps the window background of the activity showing
66                 until Flutter renders its first frame. It can be removed if
67                 there is no splash screen (such as the default splash screen
68                 defined in @style/LaunchTheme).
69            -->
70
71            <meta-data
71-->src\main\AndroidManifest.xml:47:13-49:66
72                android:name="io.flutter.embedding.android.SplashScreenDrawable"
72-->src\main\AndroidManifest.xml:48:17-81
73                android:resource="@drawable/launch_background" />
73-->src\main\AndroidManifest.xml:49:17-63
74
75            <intent-filter>
75-->src\main\AndroidManifest.xml:50:13-53:29
76                <action android:name="android.intent.action.MAIN" />
76-->src\main\AndroidManifest.xml:51:17-68
76-->src\main\AndroidManifest.xml:51:25-66
77
78                <category android:name="android.intent.category.LAUNCHER" />
78-->src\main\AndroidManifest.xml:52:17-76
78-->src\main\AndroidManifest.xml:52:27-74
79            </intent-filter>
80        </activity>
81
82        <receiver android:name="com.dexterous.flutterlocalnotifications.ScheduledNotificationBootReceiver" >
82-->src\main\AndroidManifest.xml:55:13-59:24
82-->src\main\AndroidManifest.xml:55:23-111
83            <intent-filter>
83-->src\main\AndroidManifest.xml:56:17-58:33
84                <action android:name="android.intent.action.BOOT_COMPLETED" />
84-->src\main\AndroidManifest.xml:57:21-90
84-->src\main\AndroidManifest.xml:57:29-80
85            </intent-filter>
86            <intent-filter>
86-->[:flutter_local_notifications] AndroidManifest.xml:14:13-19:29
87                <action android:name="android.intent.action.BOOT_COMPLETED" />
87-->src\main\AndroidManifest.xml:57:21-90
87-->src\main\AndroidManifest.xml:57:29-80
88                <action android:name="android.intent.action.MY_PACKAGE_REPLACED" />
88-->[:flutter_local_notifications] AndroidManifest.xml:16:17-84
88-->[:flutter_local_notifications] AndroidManifest.xml:16:25-81
89                <action android:name="android.intent.action.QUICKBOOT_POWERON" />
89-->[:flutter_local_notifications] AndroidManifest.xml:17:17-82
89-->[:flutter_local_notifications] AndroidManifest.xml:17:25-79
90                <action android:name="com.htc.intent.action.QUICKBOOT_POWERON" />
90-->[:flutter_local_notifications] AndroidManifest.xml:18:17-82
90-->[:flutter_local_notifications] AndroidManifest.xml:18:25-79
91            </intent-filter>
92        </receiver>
93        <receiver android:name="com.dexterous.flutterlocalnotifications.ScheduledNotificationReceiver" />
93-->src\main\AndroidManifest.xml:61:13-110
93-->src\main\AndroidManifest.xml:61:23-107
94
95        <meta-data
95-->src\main\AndroidManifest.xml:62:9-64:33
96            android:name="flutterEmbedding"
96-->src\main\AndroidManifest.xml:63:13-44
97            android:value="2" />
97-->src\main\AndroidManifest.xml:64:13-30
98
99        <service
99-->[:cloud_firestore] AndroidManifest.xml:8:9-12:19
100            android:name="com.google.firebase.components.ComponentDiscoveryService"
100-->[:cloud_firestore] AndroidManifest.xml:8:18-89
101            android:directBootAware="true"
101-->[com.google.firebase:firebase-common:20.0.0] AndroidManifest.xml:35:13-43
102            android:exported="false" >
102-->[com.google.firebase:firebase-messaging:23.0.0] AndroidManifest.xml:51:13-37
103            <meta-data
103-->[:cloud_firestore] AndroidManifest.xml:9:13-11:85
104                android:name="com.google.firebase.components:io.flutter.plugins.firebase.firestore.FlutterFirebaseFirestoreRegistrar"
104-->[:cloud_firestore] AndroidManifest.xml:10:17-134
105                android:value="com.google.firebase.components.ComponentRegistrar" />
105-->[:cloud_firestore] AndroidManifest.xml:11:17-82
106            <meta-data
106-->[:firebase_auth] AndroidManifest.xml:9:13-11:85
107                android:name="com.google.firebase.components:io.flutter.plugins.firebase.auth.FlutterFirebaseAuthRegistrar"
107-->[:firebase_auth] AndroidManifest.xml:10:17-124
108                android:value="com.google.firebase.components.ComponentRegistrar" />
108-->[:firebase_auth] AndroidManifest.xml:11:17-82
109            <meta-data
109-->[:firebase_storage] AndroidManifest.xml:9:13-11:85
110                android:name="com.google.firebase.components:io.flutter.plugins.firebase.storage.FlutterFirebaseAppRegistrar"
110-->[:firebase_storage] AndroidManifest.xml:10:17-126
111                android:value="com.google.firebase.components.ComponentRegistrar" />
111-->[:firebase_storage] AndroidManifest.xml:11:17-82
112            <meta-data
112-->[:firebase_messaging] AndroidManifest.xml:34:13-36:85
113                android:name="com.google.firebase.components:io.flutter.plugins.firebase.messaging.FlutterFirebaseAppRegistrar"
113-->[:firebase_messaging] AndroidManifest.xml:35:17-128
114                android:value="com.google.firebase.components.ComponentRegistrar" />
114-->[:firebase_messaging] AndroidManifest.xml:36:17-82
115            <meta-data
115-->[:firebase_core] AndroidManifest.xml:9:13-11:85
116                android:name="com.google.firebase.components:io.flutter.plugins.firebase.core.FlutterFirebaseCoreRegistrar"
116-->[:firebase_core] AndroidManifest.xml:10:17-124
117                android:value="com.google.firebase.components.ComponentRegistrar" />
117-->[:firebase_core] AndroidManifest.xml:11:17-82
118            <meta-data
118-->[com.google.firebase:firebase-messaging:23.0.0] AndroidManifest.xml:52:13-54:85
119                android:name="com.google.firebase.components:com.google.firebase.messaging.FirebaseMessagingRegistrar"
119-->[com.google.firebase:firebase-messaging:23.0.0] AndroidManifest.xml:53:17-119
120                android:value="com.google.firebase.components.ComponentRegistrar" />
120-->[com.google.firebase:firebase-messaging:23.0.0] AndroidManifest.xml:54:17-82
121            <meta-data
121-->[com.google.firebase:firebase-datatransport:18.0.0] AndroidManifest.xml:28:13-30:85
122                android:name="com.google.firebase.components:com.google.firebase.datatransport.TransportRegistrar"
122-->[com.google.firebase:firebase-datatransport:18.0.0] AndroidManifest.xml:29:17-115
123                android:value="com.google.firebase.components.ComponentRegistrar" />
123-->[com.google.firebase:firebase-datatransport:18.0.0] AndroidManifest.xml:30:17-82
124            <meta-data
124-->[com.google.firebase:firebase-auth:21.0.1] AndroidManifest.xml:77:13-79:85
125                android:name="com.google.firebase.components:com.google.firebase.auth.FirebaseAuthRegistrar"
125-->[com.google.firebase:firebase-auth:21.0.1] AndroidManifest.xml:78:17-109
126                android:value="com.google.firebase.components.ComponentRegistrar" />
126-->[com.google.firebase:firebase-auth:21.0.1] AndroidManifest.xml:79:17-82
127            <meta-data
127-->[com.google.firebase:firebase-firestore:24.0.1] AndroidManifest.xml:20:13-22:85
128                android:name="com.google.firebase.components:com.google.firebase.firestore.FirestoreRegistrar"
128-->[com.google.firebase:firebase-firestore:24.0.1] AndroidManifest.xml:21:17-111
129                android:value="com.google.firebase.components.ComponentRegistrar" />
129-->[com.google.firebase:firebase-firestore:24.0.1] AndroidManifest.xml:22:17-82
130            <meta-data
130-->[com.google.firebase:firebase-storage:20.0.0] AndroidManifest.xml:33:13-35:85
131                android:name="com.google.firebase.components:com.google.firebase.storage.StorageRegistrar"
131-->[com.google.firebase:firebase-storage:20.0.0] AndroidManifest.xml:34:17-107
132                android:value="com.google.firebase.components.ComponentRegistrar" />
132-->[com.google.firebase:firebase-storage:20.0.0] AndroidManifest.xml:35:17-82
133            <meta-data
133-->[com.google.android.gms:play-services-measurement-api:20.1.0] AndroidManifest.xml:30:13-32:85
134                android:name="com.google.firebase.components:com.google.firebase.analytics.connector.internal.AnalyticsConnectorRegistrar"
134-->[com.google.android.gms:play-services-measurement-api:20.1.0] AndroidManifest.xml:31:17-139
135                android:value="com.google.firebase.components.ComponentRegistrar" />
135-->[com.google.android.gms:play-services-measurement-api:20.1.0] AndroidManifest.xml:32:17-82
136            <meta-data
136-->[com.google.firebase:firebase-installations:17.0.0] AndroidManifest.xml:18:13-20:85
137                android:name="com.google.firebase.components:com.google.firebase.installations.FirebaseInstallationsRegistrar"
137-->[com.google.firebase:firebase-installations:17.0.0] AndroidManifest.xml:19:17-127
138                android:value="com.google.firebase.components.ComponentRegistrar" />
138-->[com.google.firebase:firebase-installations:17.0.0] AndroidManifest.xml:20:17-82
139        </service>
140        <service
140-->[:firebase_messaging] AndroidManifest.xml:12:9-15:72
141            android:name="io.flutter.plugins.firebase.messaging.FlutterFirebaseMessagingBackgroundService"
141-->[:firebase_messaging] AndroidManifest.xml:13:13-107
142            android:exported="false"
142-->[:firebase_messaging] AndroidManifest.xml:14:13-37
143            android:permission="android.permission.BIND_JOB_SERVICE" />
143-->[:firebase_messaging] AndroidManifest.xml:15:13-69
144        <service
144-->[:firebase_messaging] AndroidManifest.xml:16:9-22:19
145            android:name="io.flutter.plugins.firebase.messaging.FlutterFirebaseMessagingService"
145-->[:firebase_messaging] AndroidManifest.xml:17:13-97
146            android:exported="false" >
146-->[:firebase_messaging] AndroidManifest.xml:18:13-37
147            <intent-filter>
147-->[:firebase_messaging] AndroidManifest.xml:19:13-21:29
148                <action android:name="com.google.firebase.MESSAGING_EVENT" />
148-->[:firebase_messaging] AndroidManifest.xml:20:17-78
148-->[:firebase_messaging] AndroidManifest.xml:20:25-75
149            </intent-filter>
150        </service>
151
152        <receiver
152-->[:firebase_messaging] AndroidManifest.xml:24:9-31:20
153            android:name="io.flutter.plugins.firebase.messaging.FlutterFirebaseMessagingReceiver"
153-->[:firebase_messaging] AndroidManifest.xml:25:13-98
154            android:exported="true"
154-->[:firebase_messaging] AndroidManifest.xml:26:13-36
155            android:permission="com.google.android.c2dm.permission.SEND" >
155-->[:firebase_messaging] AndroidManifest.xml:27:13-73
156            <intent-filter>
156-->[:firebase_messaging] AndroidManifest.xml:28:13-30:29
157                <action android:name="com.google.android.c2dm.intent.RECEIVE" />
157-->[:firebase_messaging] AndroidManifest.xml:29:17-81
157-->[:firebase_messaging] AndroidManifest.xml:29:25-78
158            </intent-filter>
159        </receiver>
160
161        <provider
161-->[:firebase_messaging] AndroidManifest.xml:39:9-43:38
162            android:name="io.flutter.plugins.firebase.messaging.FlutterFirebaseMessagingInitProvider"
162-->[:firebase_messaging] AndroidManifest.xml:40:13-102
163            android:authorities="com.medhelper.medhelper.flutterfirebasemessaginginitprovider"
163-->[:firebase_messaging] AndroidManifest.xml:41:13-88
164            android:exported="false"
164-->[:firebase_messaging] AndroidManifest.xml:42:13-37
165            android:initOrder="99" />
165-->[:firebase_messaging] AndroidManifest.xml:43:13-35
166
167        <service
167-->[:geolocator_android] AndroidManifest.xml:10:9-14:56
168            android:name="com.baseflow.geolocator.GeolocatorLocationService"
168-->[:geolocator_android] AndroidManifest.xml:11:13-77
169            android:enabled="true"
169-->[:geolocator_android] AndroidManifest.xml:12:13-35
170            android:exported="false"
170-->[:geolocator_android] AndroidManifest.xml:13:13-37
171            android:foregroundServiceType="location" />
171-->[:geolocator_android] AndroidManifest.xml:14:13-53
172
173        <provider
173-->[:image_picker_android] AndroidManifest.xml:8:9-16:20
174            android:name="io.flutter.plugins.imagepicker.ImagePickerFileProvider"
174-->[:image_picker_android] AndroidManifest.xml:9:13-82
175            android:authorities="com.medhelper.medhelper.flutter.image_provider"
175-->[:image_picker_android] AndroidManifest.xml:10:13-74
176            android:exported="false"
176-->[:image_picker_android] AndroidManifest.xml:11:13-37
177            android:grantUriPermissions="true" >
177-->[:image_picker_android] AndroidManifest.xml:12:13-47
178            <meta-data
178-->[:image_picker_android] AndroidManifest.xml:13:13-15:75
179                android:name="android.support.FILE_PROVIDER_PATHS"
179-->[:image_picker_android] AndroidManifest.xml:14:17-67
180                android:resource="@xml/flutter_image_picker_file_paths" />
180-->[:image_picker_android] AndroidManifest.xml:15:17-72
181        </provider>
182
183        <activity
183-->[:url_launcher_android] AndroidManifest.xml:8:9-11:74
184            android:name="io.flutter.plugins.urllauncher.WebViewActivity"
184-->[:url_launcher_android] AndroidManifest.xml:9:13-74
185            android:exported="false"
185-->[:url_launcher_android] AndroidManifest.xml:10:13-37
186            android:theme="@android:style/Theme.NoTitleBar.Fullscreen" />
186-->[:url_launcher_android] AndroidManifest.xml:11:13-71
187
188        <receiver
188-->[com.google.firebase:firebase-messaging:23.0.0] AndroidManifest.xml:28:9-35:20
189            android:name="com.google.firebase.iid.FirebaseInstanceIdReceiver"
189-->[com.google.firebase:firebase-messaging:23.0.0] AndroidManifest.xml:29:13-78
190            android:exported="true"
190-->[com.google.firebase:firebase-messaging:23.0.0] AndroidManifest.xml:30:13-36
191            android:permission="com.google.android.c2dm.permission.SEND" >
191-->[com.google.firebase:firebase-messaging:23.0.0] AndroidManifest.xml:31:13-73
192            <intent-filter>
192-->[:firebase_messaging] AndroidManifest.xml:28:13-30:29
193                <action android:name="com.google.android.c2dm.intent.RECEIVE" />
193-->[:firebase_messaging] AndroidManifest.xml:29:17-81
193-->[:firebase_messaging] AndroidManifest.xml:29:25-78
194            </intent-filter>
195        </receiver>
196        <!--
197             FirebaseMessagingService performs security checks at runtime,
198             but set to not exported to explicitly avoid allowing another app to call it.
199        -->
200        <service
200-->[com.google.firebase:firebase-messaging:23.0.0] AndroidManifest.xml:41:9-48:19
201            android:name="com.google.firebase.messaging.FirebaseMessagingService"
201-->[com.google.firebase:firebase-messaging:23.0.0] AndroidManifest.xml:42:13-82
202            android:directBootAware="true"
202-->[com.google.firebase:firebase-messaging:23.0.0] AndroidManifest.xml:43:13-43
203            android:exported="false" >
203-->[com.google.firebase:firebase-messaging:23.0.0] AndroidManifest.xml:44:13-37
204            <intent-filter android:priority="-500" >
204-->[:firebase_messaging] AndroidManifest.xml:19:13-21:29
205                <action android:name="com.google.firebase.MESSAGING_EVENT" />
205-->[:firebase_messaging] AndroidManifest.xml:20:17-78
205-->[:firebase_messaging] AndroidManifest.xml:20:25-75
206            </intent-filter>
207        </service>
208        <service
208-->[com.google.android.datatransport:transport-backend-cct:3.0.0] AndroidManifest.xml:29:9-35:19
209            android:name="com.google.android.datatransport.runtime.backends.TransportBackendDiscovery"
209-->[com.google.android.datatransport:transport-backend-cct:3.0.0] AndroidManifest.xml:30:13-103
210            android:exported="false" >
210-->[com.google.android.datatransport:transport-backend-cct:3.0.0] AndroidManifest.xml:31:13-37
211            <meta-data
211-->[com.google.android.datatransport:transport-backend-cct:3.0.0] AndroidManifest.xml:32:13-34:39
212                android:name="backend:com.google.android.datatransport.cct.CctBackendFactory"
212-->[com.google.android.datatransport:transport-backend-cct:3.0.0] AndroidManifest.xml:33:17-94
213                android:value="cct" />
213-->[com.google.android.datatransport:transport-backend-cct:3.0.0] AndroidManifest.xml:34:17-36
214        </service>
215
216        <activity
216-->[com.google.firebase:firebase-auth:21.0.1] AndroidManifest.xml:27:9-44:20
217            android:name="com.google.firebase.auth.internal.GenericIdpActivity"
217-->[com.google.firebase:firebase-auth:21.0.1] AndroidManifest.xml:28:13-80
218            android:excludeFromRecents="true"
218-->[com.google.firebase:firebase-auth:21.0.1] AndroidManifest.xml:29:13-46
219            android:exported="true"
219-->[com.google.firebase:firebase-auth:21.0.1] AndroidManifest.xml:30:13-36
220            android:launchMode="singleTask"
220-->[com.google.firebase:firebase-auth:21.0.1] AndroidManifest.xml:31:13-44
221            android:theme="@android:style/Theme.Translucent.NoTitleBar" >
221-->[com.google.firebase:firebase-auth:21.0.1] AndroidManifest.xml:32:13-72
222            <intent-filter>
222-->[com.google.firebase:firebase-auth:21.0.1] AndroidManifest.xml:33:13-43:29
223                <action android:name="android.intent.action.VIEW" />
223-->[com.google.firebase:firebase-auth:21.0.1] AndroidManifest.xml:34:17-69
223-->[com.google.firebase:firebase-auth:21.0.1] AndroidManifest.xml:34:25-66
224
225                <category android:name="android.intent.category.DEFAULT" />
225-->[com.google.firebase:firebase-auth:21.0.1] AndroidManifest.xml:36:17-76
225-->[com.google.firebase:firebase-auth:21.0.1] AndroidManifest.xml:36:27-73
226                <category android:name="android.intent.category.BROWSABLE" />
226-->[com.google.firebase:firebase-auth:21.0.1] AndroidManifest.xml:37:17-78
226-->[com.google.firebase:firebase-auth:21.0.1] AndroidManifest.xml:37:27-75
227
228                <data
228-->src\main\AndroidManifest.xml:21:5-36
229                    android:host="firebase.auth"
230                    android:path="/"
231                    android:scheme="genericidp" />
232            </intent-filter>
233        </activity>
234        <activity
234-->[com.google.firebase:firebase-auth:21.0.1] AndroidManifest.xml:45:9-62:20
235            android:name="com.google.firebase.auth.internal.RecaptchaActivity"
235-->[com.google.firebase:firebase-auth:21.0.1] AndroidManifest.xml:46:13-79
236            android:excludeFromRecents="true"
236-->[com.google.firebase:firebase-auth:21.0.1] AndroidManifest.xml:47:13-46
237            android:exported="true"
237-->[com.google.firebase:firebase-auth:21.0.1] AndroidManifest.xml:48:13-36
238            android:launchMode="singleTask"
238-->[com.google.firebase:firebase-auth:21.0.1] AndroidManifest.xml:49:13-44
239            android:theme="@android:style/Theme.Translucent.NoTitleBar" >
239-->[com.google.firebase:firebase-auth:21.0.1] AndroidManifest.xml:50:13-72
240            <intent-filter>
240-->[com.google.firebase:firebase-auth:21.0.1] AndroidManifest.xml:51:13-61:29
241                <action android:name="android.intent.action.VIEW" />
241-->[com.google.firebase:firebase-auth:21.0.1] AndroidManifest.xml:34:17-69
241-->[com.google.firebase:firebase-auth:21.0.1] AndroidManifest.xml:34:25-66
242
243                <category android:name="android.intent.category.DEFAULT" />
243-->[com.google.firebase:firebase-auth:21.0.1] AndroidManifest.xml:36:17-76
243-->[com.google.firebase:firebase-auth:21.0.1] AndroidManifest.xml:36:27-73
244                <category android:name="android.intent.category.BROWSABLE" />
244-->[com.google.firebase:firebase-auth:21.0.1] AndroidManifest.xml:37:17-78
244-->[com.google.firebase:firebase-auth:21.0.1] AndroidManifest.xml:37:27-75
245
246                <data
246-->src\main\AndroidManifest.xml:21:5-36
247                    android:host="firebase.auth"
248                    android:path="/"
249                    android:scheme="recaptcha" />
250            </intent-filter>
251        </activity>
252
253        <service
253-->[com.google.firebase:firebase-auth:21.0.1] AndroidManifest.xml:64:9-73:19
254            android:name="com.google.firebase.auth.api.fallback.service.FirebaseAuthFallbackService"
254-->[com.google.firebase:firebase-auth:21.0.1] AndroidManifest.xml:65:13-101
255            android:enabled="true"
255-->[com.google.firebase:firebase-auth:21.0.1] AndroidManifest.xml:66:13-35
256            android:exported="false" >
256-->[com.google.firebase:firebase-auth:21.0.1] AndroidManifest.xml:67:13-37
257            <intent-filter>
257-->[com.google.firebase:firebase-auth:21.0.1] AndroidManifest.xml:68:13-72:29
258                <action android:name="com.google.firebase.auth.api.gms.service.START" />
258-->[com.google.firebase:firebase-auth:21.0.1] AndroidManifest.xml:69:17-89
258-->[com.google.firebase:firebase-auth:21.0.1] AndroidManifest.xml:69:25-86
259
260                <category android:name="android.intent.category.DEFAULT" />
260-->[com.google.firebase:firebase-auth:21.0.1] AndroidManifest.xml:36:17-76
260-->[com.google.firebase:firebase-auth:21.0.1] AndroidManifest.xml:36:27-73
261            </intent-filter>
262        </service>
263
264        <provider
264-->[com.google.firebase:firebase-common:20.0.0] AndroidManifest.xml:26:9-31:39
265            android:name="com.google.firebase.provider.FirebaseInitProvider"
265-->[com.google.firebase:firebase-common:20.0.0] AndroidManifest.xml:27:13-77
266            android:authorities="com.medhelper.medhelper.firebaseinitprovider"
266-->[com.google.firebase:firebase-common:20.0.0] AndroidManifest.xml:28:13-72
267            android:directBootAware="true"
267-->[com.google.firebase:firebase-common:20.0.0] AndroidManifest.xml:29:13-43
268            android:exported="false"
268-->[com.google.firebase:firebase-common:20.0.0] AndroidManifest.xml:30:13-37
269            android:initOrder="100" />
269-->[com.google.firebase:firebase-common:20.0.0] AndroidManifest.xml:31:13-36
270
271        <uses-library
271-->[androidx.window:window:1.0.0-beta04] AndroidManifest.xml:25:9-27:40
272            android:name="androidx.window.extensions"
272-->[androidx.window:window:1.0.0-beta04] AndroidManifest.xml:26:13-54
273            android:required="false" />
273-->[androidx.window:window:1.0.0-beta04] AndroidManifest.xml:27:13-37
274        <uses-library
274-->[androidx.window:window:1.0.0-beta04] AndroidManifest.xml:28:9-30:40
275            android:name="androidx.window.sidecar"
275-->[androidx.window:window:1.0.0-beta04] AndroidManifest.xml:29:13-51
276            android:required="false" />
276-->[androidx.window:window:1.0.0-beta04] AndroidManifest.xml:30:13-37
277
278        <receiver
278-->[com.google.android.gms:play-services-measurement:20.1.0] AndroidManifest.xml:29:9-33:20
279            android:name="com.google.android.gms.measurement.AppMeasurementReceiver"
279-->[com.google.android.gms:play-services-measurement:20.1.0] AndroidManifest.xml:30:13-85
280            android:enabled="true"
280-->[com.google.android.gms:play-services-measurement:20.1.0] AndroidManifest.xml:31:13-35
281            android:exported="false" >
281-->[com.google.android.gms:play-services-measurement:20.1.0] AndroidManifest.xml:32:13-37
282        </receiver>
283
284        <service
284-->[com.google.android.gms:play-services-measurement:20.1.0] AndroidManifest.xml:35:9-38:40
285            android:name="com.google.android.gms.measurement.AppMeasurementService"
285-->[com.google.android.gms:play-services-measurement:20.1.0] AndroidManifest.xml:36:13-84
286            android:enabled="true"
286-->[com.google.android.gms:play-services-measurement:20.1.0] AndroidManifest.xml:37:13-35
287            android:exported="false" />
287-->[com.google.android.gms:play-services-measurement:20.1.0] AndroidManifest.xml:38:13-37
288        <service
288-->[com.google.android.gms:play-services-measurement:20.1.0] AndroidManifest.xml:39:9-43:72
289            android:name="com.google.android.gms.measurement.AppMeasurementJobService"